Arguments: 
  C:\Program Files\nodejs\node.exe C:\Users\USER PC\AppData\Roaming\npm\node_modules\yarn\bin\yarn.js add react-toastify

PATH: 
  C:\Python310\Scripts\;C:\Python310\;C:\WINDOWS\system32;C:\WINDOWS;C:\WINDOWS\System32\Wbem;C:\WINDOWS\System32\WindowsPowerShell\v1.0\;C:\WINDOWS\System32\OpenSSH\;C:\ProgramData\chocolatey\bin;C:\Program Files\Git\cmd;C:\Program Files\dotnet\;C:\Program Files\OpenJDK\openjdk-11.0.15_10\bin;%NVM_HOME%;%NVM_SYMLINK%;C:\Program Files\nodejs\;C:\Program Files\Docker\Docker\resources\bin;C:\ProgramData\DockerDesktop\version-bin;C:\Users\USER PC\AppData\Local\Microsoft\WindowsApps;C:\Users\USER PC\AppData\Local\Programs\Microsoft VS Code\bin;C:\Users\USER PC\AppData\Local\GitHubDesktop\bin;C:\Users\USER PC\.dotnet\tools;C:\Users\USER PC\AppData\Local\Android\Sdk\platform-tools;C:\Users\USER PC\AppData\Roaming\nvm;C:\Program Files\nodejs;C:\Users\USER PC\AppData\Roaming\npm

Yarn version: 
  1.22.18

Node version: 
  16.15.1

Platform: 
  win32 x64

Trace: 
  Error: EPERM: operation not permitted, unlink 'C:\Users\USER PC\Downloads\nextjs-argon-dashboard-master\node_modules\node-sass\vendor\win32-x64-93\binding.node'

npm manifest: 
  {
    "name": "nextjs-argon-dashboard",
    "version": "1.1.0",
    "author": "Creative Tim",
    "license": "MIT",
    "homepage": "https://demos.creative-tim.com/nextjs-argon-dashboard/",
    "description": "NextJS version of Argon Dashboard React by Creative Tim",
    "bugs": {
      "url": "https://github.com/creativetimofficial/nextjs-argon-dashboard/issues"
    },
    "repository": {
      "type": "git",
      "url": "git+https://github.com/creativetimofficial/nextjs-argon-dashboard.git"
    },
    "scripts": {
      "start": "next start",
      "build": "next build",
      "install:clean": "rm -rf node_modules/ && rm -rf package-lock.json && rm -rf .next/ && rm -rf out/ && npm install && npm run dev",
      "compile:scss": "node-sass --importer node_modules/node-sass-package-importer/dist/cli.js assets/scss/nextjs-argon-dashboard.scss assets/css/nextjs-argon-dashboard.css",
      "minify:scss": "node-sass --importer node_modules/node-sass-package-importer/dist/cli.js assets/scss/nextjs-argon-dashboard.scss assets/css/nextjs-argon-dashboard.min.css --output-style compressed",
      "map:scss": "node-sass --importer node_modules/node-sass-package-importer/dist/cli.js assets/scss/nextjs-argon-dashboard.scss assets/css/nextjs-argon-dashboard.css --source-map true",
      "build:scss": "npm run compile:scss && npm run minify:scss && npm run map:scss",
      "dev": "next dev"
    },
    "dependencies": {
      "@fortawesome/fontawesome-free": "5.15.2",
      "@reduxjs/toolkit": "^1.8.5",
      "@zeit/next-css": "1.0.1",
      "@zeit/next-sass": "1.0.1",
      "axios": "^0.27.2",
      "bootstrap": "4.6.0",
      "chart.js": "2.9.4",
      "classnames": "2.2.6",
      "cookie": "^0.5.0",
      "jsonwebtoken": "^8.5.1",
      "moment": "2.29.1",
      "next": "10.0.6",
      "next-compose-plugins": "2.2.1",
      "next-fonts": "1.4.0",
      "next-images": "1.3.1",
      "node-sass": "^7.0.1",
      "node-sass-package-importer": "5.3.2",
      "nouislider": "14.6.3",
      "path": "0.12.7",
      "react": "17.0.1",
      "react-chartjs-2": "2.11.1",
      "react-cookie": "^4.1.1",
      "react-copy-to-clipboard": "5.0.3",
      "react-datetime": "3.0.4",
      "react-dom": "17.0.1",
      "react-redux": "^8.0.4",
      "react-toastify": "^9.0.8",
      "reactstrap": "8.9.0",
      "redux": "^4.2.0",
      "webpack": "4.44.1"
    }
  }

yarn manifest: 
  No manifest

Lockfile: 
  No lockfile
